<?xml version="1.0" encoding="UTF-8"?>
<testng-results total="1" passed="1" failed="0" skipped="0">
  <reporter-output>
  </reporter-output>
  <suite started-at="2024-08-29T19:51:12Z" name="Surefire suite" finished-at="2024-08-29T19:51:12Z" duration-ms="15">
    <groups>
    </groups>
    <test started-at="2024-08-29T19:51:12Z" name="Surefire test" finished-at="2024-08-29T19:51:12Z" duration-ms="15">
      <class name="test.com.itexps.ProjectFirstTest">
        <test-method is-config="true" signature="setUpClass()[pri:0, instance:test.com.itexps.ProjectFirstTest@57f23557]" started-at="2024-08-29T14:51:12Z" name="setUpClass" finished-at="2024-08-29T14:51:12Z" duration-ms="5" status="PASS">
          <reporter-output>
          </reporter-output>
        </test-method> <!-- setUpClass -->
        <test-method is-config="true" signature="setUpMethod()[pri:0, instance:test.com.itexps.ProjectFirstTest@57f23557]" started-at="2024-08-29T14:51:12Z" name="setUpMethod" finished-at="2024-08-29T14:51:12Z" duration-ms="2" status="PASS">
          <reporter-output>
          </reporter-output>
        </test-method> <!-- setUpMethod -->
        <test-method signature="testAdd()[pri:0, instance:test.com.itexps.ProjectFirstTest@57f23557]" started-at="2024-08-29T14:51:12Z" name="testAdd" finished-at="2024-08-29T14:51:12Z" duration-ms="3" status="PASS">
          <reporter-output>
          </reporter-output>
        </test-method> <!-- testAdd -->
        <test-method is-config="true" signature="tearDownClass()[pri:0, instance:test.com.itexps.ProjectFirstTest@57f23557]" started-at="2024-08-29T14:51:12Z" name="tearDownClass" finished-at="2024-08-29T14:51:12Z" duration-ms="0" status="PASS">
          <reporter-output>
          </reporter-output>
        </test-method> <!-- tearDownClass -->
        <test-method is-config="true" signature="tearDownMethod()[pri:0, instance:test.com.itexps.ProjectFirstTest@57f23557]" started-at="2024-08-29T14:51:12Z" name="tearDownMethod" finished-at="2024-08-29T14:51:12Z" duration-ms="0" status="PASS">
          <reporter-output>
          </reporter-output>
        </test-method> <!-- tearDownMethod -->
      </class> <!-- test.com.itexps.ProjectFirstTest -->
    </test> <!-- Surefire test -->
  </suite> <!-- Surefire suite -->
</testng-results>
